
                           Design Compiler Graphical 
                                 DC Ultra (TM)
                                  DFTMAX (TM)
                              Power Compiler (TM)
                                 DesignWare (R)
                                 DC Expert (TM)
                               Design Vision (TM)
                               HDL Compiler (TM)
                               VHDL Compiler (TM)
                                  DFT Compiler
                               Design Compiler(R)

              Version Q-2019.12-SP5-3 for linux64 - Dec 04, 2020 

                    Copyright (c) 1988 - 2020 Synopsys, Inc.
   This software and the associated documentation are proprietary to Synopsys,
 Inc. This software may only be used in accordance with the terms and conditions
 of a written license agreement with Synopsys, Inc. All other use, reproduction,
            or distribution of this software is strictly prohibited.
Initializing...
# =============================================================================
# run_dc.tcl — Design Compiler synthesis for 10G Ethernet Message Extractor
#
# Invocation (called by Makefile):
#   dc_shell -f syn/run_dc.tcl #            -x "set top_module msg_extractor_area; #                set filelist_path syn/filelists/filelist_area; #                set syn_effort high"
#
# Supported variants: area  power  throughput  timing
# =============================================================================
if { ![info exists top_module] }    { set top_module    msg_extractor_area }
if { ![info exists rtlPath] }       { set rtlPath       [file normalize [file join [pwd] ..]] }
if { ![info exists filelist_path] } { set filelist_path "syn/filelists/filelist_area" }
if { ![info exists syn_effort] }    { set syn_effort    high }
if { ![info exists clock_period] }  { set clock_period  2.0  }
if { ![info exists syn_focus] }     { set syn_focus     default }
# Derive a filesystem-safe tag:  2.0 → 2p0ns,  1.8 → 1p8ns,  1.0 → 1p0ns
set period_tag "[regsub -all {\.} $clock_period p]ns"
1p8ns
set filelist_full [file join $rtlPath $filelist_path]
/home/linux/ieng6/ECE260B_WI26_A00/c8chiu/10G_Ethernet_Extractor/syn/filelists/filelist_power
# Read RTL file list (skip blank lines and comment lines)
set rtl_files {}
if { [file exists $filelist_full] } {
    set f [open $filelist_full r]
    while { [gets $f line] >= 0 } {
        set line [string trim $line]
        if { $line == "" || [string match "//*" $line] } { continue }
        if { [string match "./*" $line] } { set line [string range $line 2 end] }
        lappend rtl_files $line
    }
    close $f
} else {
    echo "ERROR: filelist not found: $filelist_full"
    exit 1
}
# Target library — TSMC 65 nm GP (worst-case)
set target_library /home/linux/ieng6/ECE260B_WI26_A00/public/PDKdata/db/tcbn65gpluswc.db
/home/linux/ieng6/ECE260B_WI26_A00/public/PDKdata/db/tcbn65gpluswc.db
set link_library   $target_library
/home/linux/ieng6/ECE260B_WI26_A00/public/PDKdata/db/tcbn65gpluswc.db
set symbol_library {}
set wire_load_mode enclosed
enclosed
set timing_use_enhanced_capacitance_modeling true
true
set search_path [concat $rtlPath $search_path]
/home/linux/ieng6/ECE260B_WI26_A00/c8chiu/10G_Ethernet_Extractor . /software/ECE/DesignCompiler-Q2019.12/syn/Q-2019.12-SP5-3/libraries/syn /software/ECE/DesignCompiler-Q2019.12/syn/Q-2019.12-SP5-3/dw/syn_ver /software/ECE/DesignCompiler-Q2019.12/syn/Q-2019.12-SP5-3/dw/sim_ver
set link_library [concat * $link_library]
* /home/linux/ieng6/ECE260B_WI26_A00/public/PDKdata/db/tcbn65gpluswc.db
set synthetic_library {}
set link_path [concat $link_library $synthetic_library]
* /home/linux/ieng6/ECE260B_WI26_A00/public/PDKdata/db/tcbn65gpluswc.db
set dont_use_cells 1
1
set dont_use_cell_list ""
remove_design -all
1
if {![file exists work]}               { exec mkdir -p work }
if {![file exists log/$period_tag]}    { exec mkdir -p log/$period_tag }
if {![file exists gate/$period_tag]}   { exec mkdir -p gate/$period_tag }
set_svf work/default.svf
1
sh date
Mon Mar 16 07:07:48 PDT 2026
sh hostname
ieng6-ece-02.ucsd.edu
sh uptime
 07:07:48 up 264 days, 14:55,  6 users,  load average: 1.68, 1.17, 1.10
set compile_effort                   "high"
high
set compile_no_new_cells_at_top_level false
false
set hdlin_enable_vpp                  true
Information: Variable 'hdlin_enable_vpp' is obsolete and is being ignored. (INFO-100)
true
set hdlin_auto_save_templates         false
false
define_design_lib WORK -path work/.template
1
set verilogout_single_bit false
false
# Analyze RTL — SystemVerilog source files
foreach vfile $rtl_files {
    set fullpath [file join $rtlPath $vfile]
    analyze -format sverilog -lib WORK $fullpath
}
Running PRESTO HDLC
Compiling source file /home/linux/ieng6/ECE260B_WI26_A00/c8chiu/10G_Ethernet_Extractor/sim/pkg_msg_extractor.sv
Warning:  /home/linux/ieng6/ECE260B_WI26_A00/c8chiu/10G_Ethernet_Extractor/sim/pkg_msg_extractor.sv:6: The package pkg_msg_extractor has already been analyzed. It is being replaced. (VER-26)
Presto compilation completed successfully.
Loading db file '/home/linux/ieng6/ECE260B_WI26_A00/public/PDKdata/db/tcbn65gpluswc.db'
Running PRESTO HDLC
Compiling source file /home/linux/ieng6/ECE260B_WI26_A00/c8chiu/10G_Ethernet_Extractor/rtl/submodules/barrel_shift_64.sv
Presto compilation completed successfully.
Running PRESTO HDLC
Compiling source file /home/linux/ieng6/ECE260B_WI26_A00/c8chiu/10G_Ethernet_Extractor/rtl/submodules/axis_out_pipe.sv
Presto compilation completed successfully.
Running PRESTO HDLC
Compiling source file /home/linux/ieng6/ECE260B_WI26_A00/c8chiu/10G_Ethernet_Extractor/rtl/submodules/byte_mux8.sv
Presto compilation completed successfully.
Running PRESTO HDLC
Compiling source file /home/linux/ieng6/ECE260B_WI26_A00/c8chiu/10G_Ethernet_Extractor/rtl/submodules/tkeep_enc.sv
Presto compilation completed successfully.
Running PRESTO HDLC
Compiling source file /home/linux/ieng6/ECE260B_WI26_A00/c8chiu/10G_Ethernet_Extractor/rtl/submodules/win_comb.sv
Presto compilation completed successfully.
Running PRESTO HDLC
Compiling source file /home/linux/ieng6/ECE260B_WI26_A00/c8chiu/10G_Ethernet_Extractor/rtl/msg_extractor_power.sv
Presto compilation completed successfully.
elaborate $top_module -lib WORK -update
Warning: Detected use of obsolete/unsupported feature.  The following
	will not be available in a future release of the application:
	elaborate -update. Use plain elaborate instead (CMD-100)
Loading db file '/software/ECE/DesignCompiler-Q2019.12/syn/Q-2019.12-SP5-3/libraries/syn/gtech.db'
Loading db file '/software/ECE/DesignCompiler-Q2019.12/syn/Q-2019.12-SP5-3/libraries/syn/standard.sldb'
  Loading link library 'tcbn65gpluswc'
  Loading link library 'gtech'
Running PRESTO HDLC

Statistics for case statements in always block at line 97 in file
	'/home/linux/ieng6/ECE260B_WI26_A00/c8chiu/10G_Ethernet_Extractor/rtl/msg_extractor_power.sv'
===============================================
|           Line           |  full/ parallel  |
===============================================
|           113            |    auto/auto     |
===============================================

Inferred memory devices in process
	in routine msg_extractor_power line 193 in file
		'/home/linux/ieng6/ECE260B_WI26_A00/c8chiu/10G_Ethernet_Extractor/rtl/msg_extractor_power.sv'.
===============================================================================
|    Register Name    |   Type    | Width | Bus | MB | AR | AS | SR | SS | ST |
===============================================================================
|     last_q_reg      | Flip-flop |   1   |  N  | N  | Y  | N  | N  | N  | N  |
|     state_q_reg     | Flip-flop |   2   |  Y  | N  | Y  | N  | N  | N  | N  |
|      wa_q_reg       | Flip-flop |  64   |  Y  | N  | Y  | N  | N  | N  | N  |
|      wb_q_reg       | Flip-flop |  64   |  Y  | N  | Y  | N  | N  | N  | N  |
|    wb_vld_q_reg     | Flip-flop |   1   |  N  | N  | Y  | N  | N  | N  | N  |
|   wa_valid_q_reg    | Flip-flop |   1   |  N  | N  | N  | Y  | N  | N  | N  |
|      off_q_reg      | Flip-flop |   3   |  Y  | N  | Y  | N  | N  | N  | N  |
|     prem_q_reg      | Flip-flop |   6   |  Y  | N  | Y  | N  | N  | N  | N  |
===============================================================================
Presto compilation completed successfully. (msg_extractor_power)
Elaborated 1 design.
Current design is now 'msg_extractor_power'.
Information: Building the design 'win_comb'. (HDL-193)
Presto compilation completed successfully. (win_comb)
Information: Building the design 'barrel_shift_64'. (HDL-193)
Presto compilation completed successfully. (barrel_shift_64)
Information: Building the design 'tkeep_enc'. (HDL-193)
Presto compilation completed successfully. (tkeep_enc)
Information: Building the design 'axis_out_pipe'. (HDL-193)

Inferred memory devices in process
	in routine axis_out_pipe line 17 in file
		'/home/linux/ieng6/ECE260B_WI26_A00/c8chiu/10G_Ethernet_Extractor/rtl/submodules/axis_out_pipe.sv'.
===============================================================================
|    Register Name    |   Type    | Width | Bus | MB | AR | AS | SR | SS | ST |
===============================================================================
|    m_tvalid_reg     | Flip-flop |   1   |  N  | N  | Y  | N  | N  | N  | N  |
|     m_tdata_reg     | Flip-flop |  64   |  Y  | N  | Y  | N  | N  | N  | N  |
|     m_tkeep_reg     | Flip-flop |   8   |  Y  | N  | Y  | N  | N  | N  | N  |
|     m_tlast_reg     | Flip-flop |   1   |  N  | N  | Y  | N  | N  | N  | N  |
===============================================================================
Presto compilation completed successfully. (axis_out_pipe)
1
current_design $top_module
Current design is 'msg_extractor_power'.
{msg_extractor_power}
if { $syn_focus == "power" } {
    set_cost_priority -power
    set_dynamic_optimization true
    set_leakage_optimization false
    set compile_clock_gating_through_hierarchy true
    set_optimize_registers true
} else {
    set_optimize_registers true
    set_cost_priority -delay
}
Error: unknown option '-power' (CMD-010)
link

  Linking design 'msg_extractor_power'
  Using the following designs and libraries:
  --------------------------------------------------------------------------
  * (5 designs)               /home/linux/ieng6/ECE260B_WI26_A00/c8chiu/10G_Ethernet_Extractor/syn/msg_extractor_power.db, etc
  tcbn65gpluswc (library)     /home/linux/ieng6/ECE260B_WI26_A00/public/PDKdata/db/tcbn65gpluswc.db

1
# Apply timing constraints inline (parameterised by clock_period)
# For aggressive timing (<= 0.5 ns): reduce I/O budget to maximize internal path margin
if { $clock_period <= 0.5 } {
    set io_delay 0.1
} else {
    set io_delay 0.2
}
0.2
create_clock -name clk -period $clock_period [get_ports clk]
1
set_input_delay  -clock [get_clocks clk] -max $io_delay     [remove_from_collection [all_inputs] [get_ports clk]]
1
set_output_delay -clock [get_clocks clk] -max $io_delay [all_outputs]
1
propagate_constraints

#   Propagate Constraints from cell u_opipe/ (axis_out_pipe) #

#   Propagate Constraints from cell u_tkeep/ (tkeep_enc) #

#   Propagate Constraints from cell u_bshift/ (barrel_shift_64) #

#   Propagate Constraints from cell u_win/ (win_comb) #
1
current_design $top_module
Current design is 'msg_extractor_power'.
{msg_extractor_power}
# Always set DRC cost; power mode keeps -power as primary via earlier set_cost_priority -power
set_cost_priority {max_transition max_fanout max_delay max_capacitance}
1
set_fix_multiple_port_nets -all -buffer_constants
1
set_fix_hold [all_clocks]
1
# Critical-path optimizations when clock_period <= 0.5 ns
# (Avoid set_max_fanout — can force buffers that add delay on critical path)
set_driving_cell -lib_cell BUFFD8 -pin Z [all_inputs]
Warning: Design rule attributes from the driving cell will be
	set on the port. (UID-401)
Warning: Design rule attributes from the driving cell will be
	set on the port. (UID-401)
Warning: Design rule attributes from the driving cell will be
	set on the port. (UID-401)
Warning: Design rule attributes from the driving cell will be
	set on the port. (UID-401)
Warning: Design rule attributes from the driving cell will be
	set on the port. (UID-401)
Warning: Design rule attributes from the driving cell will be
	set on the port. (UID-401)
Warning: Design rule attributes from the driving cell will be
	set on the port. (UID-401)
Warning: Design rule attributes from the driving cell will be
	set on the port. (UID-401)
Warning: Design rule attributes from the driving cell will be
	set on the port. (UID-401)
Warning: Design rule attributes from the driving cell will be
	set on the port. (UID-401)
Warning: Design rule attributes from the driving cell will be
	set on the port. (UID-401)
Warning: Design rule attributes from the driving cell will be
	set on the port. (UID-401)
Warning: Design rule attributes from the driving cell will be
	set on the port. (UID-401)
Warning: Design rule attributes from the driving cell will be
	set on the port. (UID-401)
Warning: Design rule attributes from the driving cell will be
	set on the port. (UID-401)
Warning: Design rule attributes from the driving cell will be
	set on the port. (UID-401)
Warning: Design rule attributes from the driving cell will be
	set on the port. (UID-401)
Warning: Design rule attributes from the driving cell will be
	set on the port. (UID-401)
Warning: Design rule attributes from the driving cell will be
	set on the port. (UID-401)
Warning: Design rule attributes from the driving cell will be
	set on the port. (UID-401)
Warning: Design rule attributes from the driving cell will be
	set on the port. (UID-401)
Warning: Design rule attributes from the driving cell will be
	set on the port. (UID-401)
Warning: Design rule attributes from the driving cell will be
	set on the port. (UID-401)
Warning: Design rule attributes from the driving cell will be
	set on the port. (UID-401)
Warning: Design rule attributes from the driving cell will be
	set on the port. (UID-401)
Warning: Design rule attributes from the driving cell will be
	set on the port. (UID-401)
Warning: Design rule attributes from the driving cell will be
	set on the port. (UID-401)
Warning: Design rule attributes from the driving cell will be
	set on the port. (UID-401)
Warning: Design rule attributes from the driving cell will be
	set on the port. (UID-401)
Warning: Design rule attributes from the driving cell will be
	set on the port. (UID-401)
Warning: Design rule attributes from the driving cell will be
	set on the port. (UID-401)
Warning: Design rule attributes from the driving cell will be
	set on the port. (UID-401)
Warning: Design rule attributes from the driving cell will be
	set on the port. (UID-401)
Warning: Design rule attributes from the driving cell will be
	set on the port. (UID-401)
Warning: Design rule attributes from the driving cell will be
	set on the port. (UID-401)
Warning: Design rule attributes from the driving cell will be
	set on the port. (UID-401)
Warning: Design rule attributes from the driving cell will be
	set on the port. (UID-401)
Warning: Design rule attributes from the driving cell will be
	set on the port. (UID-401)
Warning: Design rule attributes from the driving cell will be
	set on the port. (UID-401)
Warning: Design rule attributes from the driving cell will be
	set on the port. (UID-401)
Warning: Design rule attributes from the driving cell will be
	set on the port. (UID-401)
Warning: Design rule attributes from the driving cell will be
	set on the port. (UID-401)
Warning: Design rule attributes from the driving cell will be
	set on the port. (UID-401)
Warning: Design rule attributes from the driving cell will be
	set on the port. (UID-401)
Warning: Design rule attributes from the driving cell will be
	set on the port. (UID-401)
Warning: Design rule attributes from the driving cell will be
	set on the port. (UID-401)
Warning: Design rule attributes from the driving cell will be
	set on the port. (UID-401)
Warning: Design rule attributes from the driving cell will be
	set on the port. (UID-401)
Warning: Design rule attributes from the driving cell will be
	set on the port. (UID-401)
Warning: Design rule attributes from the driving cell will be
	set on the port. (UID-401)
Warning: Design rule attributes from the driving cell will be
	set on the port. (UID-401)
Warning: Design rule attributes from the driving cell will be
	set on the port. (UID-401)
Warning: Design rule attributes from the driving cell will be
	set on the port. (UID-401)
Warning: Design rule attributes from the driving cell will be
	set on the port. (UID-401)
Warning: Design rule attributes from the driving cell will be
	set on the port. (UID-401)
Warning: Design rule attributes from the driving cell will be
	set on the port. (UID-401)
Warning: Design rule attributes from the driving cell will be
	set on the port. (UID-401)
Warning: Design rule attributes from the driving cell will be
	set on the port. (UID-401)
Warning: Design rule attributes from the driving cell will be
	set on the port. (UID-401)
Warning: Design rule attributes from the driving cell will be
	set on the port. (UID-401)
Warning: Design rule attributes from the driving cell will be
	set on the port. (UID-401)
Warning: Design rule attributes from the driving cell will be
	set on the port. (UID-401)
Warning: Design rule attributes from the driving cell will be
	set on the port. (UID-401)
Warning: Design rule attributes from the driving cell will be
	set on the port. (UID-401)
Warning: Design rule attributes from the driving cell will be
	set on the port. (UID-401)
Warning: Design rule attributes from the driving cell will be
	set on the port. (UID-401)
Warning: Design rule attributes from the driving cell will be
	set on the port. (UID-401)
Warning: Design rule attributes from the driving cell will be
	set on the port. (UID-401)
Warning: Design rule attributes from the driving cell will be
	set on the port. (UID-401)
Warning: Design rule attributes from the driving cell will be
	set on the port. (UID-401)
Warning: Design rule attributes from the driving cell will be
	set on the port. (UID-401)
Warning: Design rule attributes from the driving cell will be
	set on the port. (UID-401)
Warning: Design rule attributes from the driving cell will be
	set on the port. (UID-401)
Warning: Design rule attributes from the driving cell will be
	set on the port. (UID-401)
Warning: Design rule attributes from the driving cell will be
	set on the port. (UID-401)
Warning: Design rule attributes from the driving cell will be
	set on the port. (UID-401)
Warning: Design rule attributes from the driving cell will be
	set on the port. (UID-401)
1
foreach_in_collection p [all_outputs] {
    set_load 0.050 $p
}
set compile_effort                      "high"
high
set_app_var ungroup_keep_original_design true
true
set_register_merging [get_designs $top_module] false
1
set compile_seqmap_propagate_constants       false
false
set compile_seqmap_propagate_high_effort     false
false
foreach_in_collection design [get_designs "*"] {
    current_design $design
    set_fix_multiple_port_nets -all
}
Current design is 'msg_extractor_power'.
Current design is 'win_comb'.
Current design is 'barrel_shift_64'.
Current design is 'tkeep_enc'.
Current design is 'axis_out_pipe'.
current_design $top_module
Current design is 'msg_extractor_power'.
{msg_extractor_power}
# Compile
echo "========================================================"
========================================================
echo " Variant      : $top_module"
 Variant      : msg_extractor_power
echo " Clock period : $clock_period ns  ($period_tag)"
 Clock period : 1.8 ns  (1p8ns)
echo " Syn focus    : $syn_focus"
 Syn focus    : power
echo " Synthesis    : $syn_effort"
 Synthesis    : high
echo "========================================================"
========================================================
if { $syn_focus == "power" } {
    # Power-first: same compile as default (retime+exact_map) but with -power cost priority
    compile_ultra -retime -gate_clock -exact_map
} elseif { $syn_effort == "low" } {
    compile -map_effort low
} elseif { $syn_effort == "medium" } {
    compile -map_effort medium
} elseif { $clock_period <= 0.5 } {
    # Critical-path-first: timing_high_effort_script for aggressive timing closure
    compile_ultra -retime -gate_clock -exact_map -timing_high_effort_script
} else {
    compile_ultra -retime -gate_clock -exact_map
}
Loading db file '/software/ECE/DesignCompiler-Q2019.12/syn/Q-2019.12-SP5-3/libraries/syn/dw_foundation.sldb'
Warning: DesignWare synthetic library dw_foundation.sldb is added to the synthetic_library in the current command. (UISN-40)
Information: Performing power optimization. (PWR-850)
Analyzing: "/home/linux/ieng6/ECE260B_WI26_A00/public/PDKdata/db/tcbn65gpluswc.db"
Library analysis succeeded.
Information: Evaluating DesignWare library utilization. (UISN-27)

============================================================================
| DesignWare Building Block Library  |         Version         | Available |
============================================================================
| Basic DW Building Blocks           | Q-2019.12-DWBB_201912.5 |     *     |
| Licensed DW Building Blocks        | Q-2019.12-DWBB_201912.5 |     *     |
============================================================================

Information: Retiming is enabled. SVF file must be used for formal verification. (OPT-1210)

Information: There are 415 potential problems in your design. Please run 'check_design' for more information. (LINT-99)

  Simplifying Design 'msg_extractor_power'
Information: Performing clock-gating with positive edge logic: 'integrated' and negative edge logic: 'integrated'. (PWR-1047)

